<?xml version="1.0" encoding="utf-8"?><testsuites name="pytest tests"><testsuite name="pytest" errors="0" failures="0" skipped="0" tests="20" time="3.581" timestamp="2026-02-27T11:20:13.040326+00:00" hostname="agent-env-f164fb46-8de8-45e0-a515-2b042df041da"><testcase classname="tests.test_admin_api.TestAdminLogin" name="test_login_with_correct_credentials" time="0.159" /><testcase classname="tests.test_admin_api.TestAdminLogin" name="test_login_with_incorrect_credentials" time="0.093" /><testcase classname="tests.test_admin_api.TestAdminLogin" name="test_login_with_wrong_password" time="0.082" /><testcase classname="tests.test_admin_api.TestDonations" name="test_get_donations_with_valid_token" time="0.248" /><testcase classname="tests.test_admin_api.TestDonations" name="test_get_donations_without_token" time="0.081" /><testcase classname="tests.test_admin_api.TestDonations" name="test_create_donation_public_endpoint" time="0.082" /><testcase classname="tests.test_admin_api.TestDonations" name="test_update_donation_mark_as_copied" time="0.185" /><testcase classname="tests.test_admin_api.TestDonations" name="test_update_nonexistent_donation" time="0.079" /><testcase classname="tests.test_admin_api.TestStats" name="test_get_stats_with_valid_token" time="0.205" /><testcase classname="tests.test_admin_api.TestStats" name="test_get_stats_without_token" time="0.086" /><testcase classname="tests.test_admin_api.TestPixConfig" name="test_get_pix_config_with_valid_token" time="0.169" /><testcase classname="tests.test_admin_api.TestPixConfig" name="test_get_pix_config_without_token" time="0.093" /><testcase classname="tests.test_admin_api.TestPixConfig" name="test_update_pix_key" time="0.450" /><testcase classname="tests.test_admin_api.TestPixConfig" name="test_update_pix_key_without_token" time="0.080" /><testcase classname="tests.test_admin_api.TestPixGeneration" name="test_generate_pix_code" time="0.081" /><testcase classname="tests.test_admin_api.TestPixGeneration" name="test_generate_pix_with_different_values" time="0.367" /><testcase classname="tests.test_admin_api.TestPixGeneration" name="test_generate_pix_invalid_value" time="0.092" /><testcase classname="tests.test_admin_api.TestPixGeneration" name="test_generate_pix_missing_value" time="0.089" /><testcase classname="tests.test_admin_api.TestPixGeneration" name="test_pix_status_endpoint" time="0.095" /><testcase classname="tests.test_admin_api.TestIntegration" name="test_full_donation_flow" time="0.642" /></testsuite></testsuites>